
> server@1.0.0 start
> node server.js

🧪 Development mode: Rate limit reset endpoint available at /api/dev/reset-rate-limit
✅ MongoDB connected successfully
✅ Audit log scheduled cleanup started (every 2 hours)
✅ Audit service initialized with automatic cleanup
node:events:495
      throw er; // Unhandled 'error' event
      ^

Error: listen EADDRINUSE: address already in use :::5000
    at Server.setupListenHandle [as _listen2] (node:net:1811:16)
    at listenInCluster (node:net:1859:12)
    at Server.listen (node:net:1947:7)
    at startServer (/home/mrvandiary/Desktop/Agri/AgriSync/server/server.js:326:12)
    at process.processTicksAndRejections (node:internal/process/task_queues:95:5)
Emitted 'error' event on Server instance at:
    at emitErrorNT (node:net:1838:8)
    at process.processTicksAndRejections (node:internal/process/task_queues:82:21) {
  code: 'EADDRINUSE',
  errno: -98,
  syscall: 'listen',
  address: '::',
  port: 5000
}

Node.js v18.19.1
